<?xml version="1.0" encoding="UTF-8"?>
<!-- Generated by org.testng.reporters.JUnitReportReporter -->
<testsuite hostname="hp" failures="0" tests="1" name="tests.putrequest" time="2.459" errors="0" timestamp="2024-07-05T23:15:31 AST" skipped="0">
  <testcase classname="tests.putrequest" name="updateUser" time="2.459"/>
  <system-out/>
</testsuite> <!-- tests.putrequest -->
