<?xml version="1.0" encoding="UTF-8"?>
<!-- Generated by org.testng.reporters.JUnitReportReporter -->
<testsuite hostname="hp" failures="0" tests="1" name="tests.getandpost" time="11.313" errors="0" timestamp="2024-03-01T03:01:51 AST" skipped="0">
  <testcase classname="tests.getandpost" name="testget" time="11.313"/>
</testsuite> <!-- tests.getandpost -->
