<?xml version="1.0" encoding="UTF-8"?>
<!-- Generated by org.testng.reporters.JUnitReportReporter -->
<testsuite hostname="hp" failures="0" tests="2" name="tests.gettest" time="2.279" errors="0" timestamp="2024-07-05T23:12:08 AST" skipped="0">
  <testcase classname="tests.gettest" name="getUsersPage2" time="1.921"/>
  <testcase classname="tests.gettest" name="getUser23" time="0.358"/>
</testsuite> <!-- tests.gettest -->
