<?xml version="1.0" encoding="UTF-8"?>
<!-- Generated by org.testng.reporters.JUnitReportReporter -->
<testsuite hostname="hp" failures="0" tests="1" name="tests.testexample" time="1.336" errors="0" timestamp="2024-03-01T02:42:27 AST" skipped="0">
  <testcase classname="tests.testexample" name="testone" time="1.336"/>
</testsuite> <!-- tests.testexample -->
