<?xml version="1.0" encoding="UTF-8"?>
<!-- Generated by org.testng.reporters.JUnitReportReporter -->
<testsuite hostname="hp" failures="0" tests="1" name="tests.DeviceApiTest" time="2.316" errors="0" timestamp="2024-06-28T12:44:51 AST" skipped="0">
  <testcase classname="tests.DeviceApiTest" name="addDeviceTest" time="2.316"/>
</testsuite> <!-- tests.DeviceApiTest -->
